E:\01-WORK\02-C课程\01-课件\C教学活动\DAY14\链表相关\02-SRC\KERNERLIST\DEBUG\KERNERLIST.EXE
E:\01-WORK\02-C课程\01-课件\C教学活动\DAY14\链表相关\02-SRC\KERNERLIST\DEBUG\KERNERLIST.ILK
E:\01-WORK\02-C课程\01-课件\C教学活动\DAY14\链表相关\02-SRC\KERNERLIST\DEBUG\KERNERLIST.PDB
E:\01-work\02-c课程\01-课件\C教学活动\day14\链表相关\02-src\kernerlist\kernerlist\Debug\cl.command.1.tlog
E:\01-work\02-c课程\01-课件\C教学活动\day14\链表相关\02-src\kernerlist\kernerlist\Debug\CL.read.1.tlog
E:\01-work\02-c课程\01-课件\C教学活动\day14\链表相关\02-src\kernerlist\kernerlist\Debug\CL.write.1.tlog
E:\01-work\02-c课程\01-课件\C教学活动\day14\链表相关\02-src\kernerlist\kernerlist\Debug\kernerlist.exe.embed.manifest
E:\01-WORK\02-C课程\01-课件\C教学活动\DAY14\链表相关\02-SRC\KERNERLIST\KERNERLIST\DEBUG\KERNERLIST.EXE.EMBED.MANIFEST.RES
E:\01-WORK\02-C课程\01-课件\C教学活动\DAY14\链表相关\02-SRC\KERNERLIST\KERNERLIST\DEBUG\KERNERLIST.EXE.INTERMEDIATE.MANIFEST
E:\01-work\02-c课程\01-课件\C教学活动\day14\链表相关\02-src\kernerlist\kernerlist\Debug\kernerlist.write.1.tlog
E:\01-work\02-c课程\01-课件\C教学活动\day14\链表相关\02-src\kernerlist\kernerlist\Debug\kernerlist_manifest.rc
E:\01-WORK\02-C课程\01-课件\C教学活动\DAY14\链表相关\02-SRC\KERNERLIST\KERNERLIST\DEBUG\KERNERLISTTEST01.OBJ
E:\01-work\02-c课程\01-课件\C教学活动\day14\链表相关\02-src\kernerlist\kernerlist\Debug\link.4916.read.1.tlog
E:\01-work\02-c课程\01-课件\C教学活动\day14\链表相关\02-src\kernerlist\kernerlist\Debug\link.4916.write.1.tlog
E:\01-work\02-c课程\01-课件\C教学活动\day14\链表相关\02-src\kernerlist\kernerlist\Debug\link.4916-cvtres.read.1.tlog
E:\01-work\02-c课程\01-课件\C教学活动\day14\链表相关\02-src\kernerlist\kernerlist\Debug\link.4916-cvtres.write.1.tlog
E:\01-work\02-c课程\01-课件\C教学活动\day14\链表相关\02-src\kernerlist\kernerlist\Debug\link.command.1.tlog
E:\01-work\02-c课程\01-课件\C教学活动\day14\链表相关\02-src\kernerlist\kernerlist\Debug\link.read.1.tlog
E:\01-work\02-c课程\01-课件\C教学活动\day14\链表相关\02-src\kernerlist\kernerlist\Debug\link.write.1.tlog
E:\01-work\02-c课程\01-课件\C教学活动\day14\链表相关\02-src\kernerlist\kernerlist\Debug\link-cvtres.read.1.tlog
E:\01-work\02-c课程\01-课件\C教学活动\day14\链表相关\02-src\kernerlist\kernerlist\Debug\link-cvtres.write.1.tlog
E:\01-work\02-c课程\01-课件\C教学活动\day14\链表相关\02-src\kernerlist\kernerlist\Debug\mt.command.1.tlog
E:\01-work\02-c课程\01-课件\C教学活动\day14\链表相关\02-src\kernerlist\kernerlist\Debug\mt.read.1.tlog
E:\01-work\02-c课程\01-课件\C教学活动\day14\链表相关\02-src\kernerlist\kernerlist\Debug\mt.write.1.tlog
E:\01-work\02-c课程\01-课件\C教学活动\day14\链表相关\02-src\kernerlist\kernerlist\Debug\rc.command.1.tlog
E:\01-work\02-c课程\01-课件\C教学活动\day14\链表相关\02-src\kernerlist\kernerlist\Debug\rc.read.1.tlog
E:\01-work\02-c课程\01-课件\C教学活动\day14\链表相关\02-src\kernerlist\kernerlist\Debug\rc.write.1.tlog
E:\01-work\02-c课程\01-课件\C教学活动\day14\链表相关\02-src\kernerlist\kernerlist\Debug\vc100.idb
E:\01-WORK\02-C课程\01-课件\C教学活动\DAY14\链表相关\02-SRC\KERNERLIST\KERNERLIST\DEBUG\VC100.PDB
E:\01-WORK\06-备课参考\01-WORKER\09-DAY20131027\02-SRC\KERNERLIST\DEBUG\KERNERLIST.EXE
E:\01-WORK\06-备课参考\01-WORKER\09-DAY20131027\02-SRC\KERNERLIST\DEBUG\KERNERLIST.ILK
E:\01-WORK\06-备课参考\01-WORKER\09-DAY20131027\02-SRC\KERNERLIST\DEBUG\KERNERLIST.PDB
E:\01-WORK\06-备课参考\01-WORKER\09-DAY20131027\02-SRC\KERNERLIST\KERNERLIST\DEBUG\KERNERLIST.EXE.EMBED.MANIFEST.RES
E:\01-WORK\06-备课参考\01-WORKER\09-DAY20131027\02-SRC\KERNERLIST\KERNERLIST\DEBUG\KERNERLIST.EXE.INTERMEDIATE.MANIFEST
E:\01-WORK\06-备课参考\01-WORKER\09-DAY20131027\02-SRC\KERNERLIST\KERNERLIST\DEBUG\KERNERLISTTEST01.OBJ
E:\01-WORK\06-备课参考\01-WORKER\09-DAY20131027\02-SRC\KERNERLIST\KERNERLIST\DEBUG\VC100.PDB
E:\20-WORKER\06-链表\KERNERLIST\DEBUG\KERNERLIST.EXE
E:\20-WORKER\06-链表\KERNERLIST\DEBUG\KERNERLIST.ILK
E:\20-WORKER\06-链表\KERNERLIST\DEBUG\KERNERLIST.PDB
E:\20-WORKER\06-链表\KERNERLIST\KERNERLIST\DEBUG\KERNERLIST.EXE.EMBED.MANIFEST
E:\20-WORKER\06-链表\KERNERLIST\KERNERLIST\DEBUG\KERNERLIST.EXE.EMBED.MANIFEST.RES
E:\20-WORKER\06-链表\KERNERLIST\KERNERLIST\DEBUG\KERNERLIST.EXE.INTERMEDIATE.MANIFEST
E:\20-WORKER\06-链表\KERNERLIST\KERNERLIST\DEBUG\KERNERLISTTEST01.OBJ
E:\20-WORKER\06-链表\KERNERLIST\KERNERLIST\DEBUG\VC100.PDB
