E:\01-WORK\10-就业班0529\DAY07\SOCKETCLIENTWBM\DEBUG\SOCKETCLIENTWBM.DLL
E:\01-work\10-就业班0529\day07\socketclientwbm\Debug\socketclientwbm.exp
E:\01-WORK\10-就业班0529\DAY07\SOCKETCLIENTWBM\DEBUG\SOCKETCLIENTWBM.ILK
E:\01-work\10-就业班0529\day07\socketclientwbm\Debug\socketclientwbm.lib
E:\01-WORK\10-就业班0529\DAY07\SOCKETCLIENTWBM\DEBUG\SOCKETCLIENTWBM.PDB
E:\01-work\10-就业班0529\day07\socketclientwbm\socketclientwbm\Debug\cl.command.1.tlog
E:\01-work\10-就业班0529\day07\socketclientwbm\socketclientwbm\Debug\CL.read.1.tlog
E:\01-work\10-就业班0529\day07\socketclientwbm\socketclientwbm\Debug\CL.write.1.tlog
E:\01-work\10-就业班0529\day07\socketclientwbm\socketclientwbm\Debug\link.1528.read.1.tlog
E:\01-work\10-就业班0529\day07\socketclientwbm\socketclientwbm\Debug\link.1528.write.1.tlog
E:\01-work\10-就业班0529\day07\socketclientwbm\socketclientwbm\Debug\link.1528-cvtres.read.1.tlog
E:\01-work\10-就业班0529\day07\socketclientwbm\socketclientwbm\Debug\link.1528-cvtres.write.1.tlog
E:\01-work\10-就业班0529\day07\socketclientwbm\socketclientwbm\Debug\link.command.1.tlog
E:\01-work\10-就业班0529\day07\socketclientwbm\socketclientwbm\Debug\link.read.1.tlog
E:\01-work\10-就业班0529\day07\socketclientwbm\socketclientwbm\Debug\link.write.1.tlog
E:\01-work\10-就业班0529\day07\socketclientwbm\socketclientwbm\Debug\link-cvtres.read.1.tlog
E:\01-work\10-就业班0529\day07\socketclientwbm\socketclientwbm\Debug\link-cvtres.write.1.tlog
E:\01-work\10-就业班0529\day07\socketclientwbm\socketclientwbm\Debug\mt.command.1.tlog
E:\01-work\10-就业班0529\day07\socketclientwbm\socketclientwbm\Debug\mt.read.1.tlog
E:\01-work\10-就业班0529\day07\socketclientwbm\socketclientwbm\Debug\mt.write.1.tlog
E:\01-work\10-就业班0529\day07\socketclientwbm\socketclientwbm\Debug\rc.command.1.tlog
E:\01-work\10-就业班0529\day07\socketclientwbm\socketclientwbm\Debug\rc.read.1.tlog
E:\01-work\10-就业班0529\day07\socketclientwbm\socketclientwbm\Debug\rc.write.1.tlog
E:\01-WORK\10-就业班0529\DAY07\SOCKETCLIENTWBM\SOCKETCLIENTWBM\DEBUG\SOCKETCLIENTWBM.DLL.EMBED.MANIFEST
E:\01-WORK\10-就业班0529\DAY07\SOCKETCLIENTWBM\SOCKETCLIENTWBM\DEBUG\SOCKETCLIENTWBM.DLL.EMBED.MANIFEST.RES
E:\01-WORK\10-就业班0529\DAY07\SOCKETCLIENTWBM\SOCKETCLIENTWBM\DEBUG\SOCKETCLIENTWBM.DLL.INTERMEDIATE.MANIFEST
E:\01-WORK\10-就业班0529\DAY07\SOCKETCLIENTWBM\SOCKETCLIENTWBM\DEBUG\SOCKETCLIENTWBM.OBJ
E:\01-work\10-就业班0529\day07\socketclientwbm\socketclientwbm\Debug\socketclientwbm.write.1.tlog
E:\01-work\10-就业班0529\day07\socketclientwbm\socketclientwbm\Debug\socketclientwbm_manifest.rc
E:\01-work\10-就业班0529\day07\socketclientwbm\socketclientwbm\Debug\vc100.idb
E:\01-WORK\10-就业班0529\DAY07\SOCKETCLIENTWBM\SOCKETCLIENTWBM\DEBUG\VC100.PDB
