生成启动时间为 2014-6-9 15:36:05。
     1>项目“E:\01-work\10-就业班0529\day07\socketclientwbm\socketclientwbm\socketclientwbm.vcxproj”在节点 2 上(build 个目标)。
     1>InitializeBuildStatus:
         正在创建“Debug\socketclientwbm.unsuccessfulbuild”，因为已指定“AlwaysCreate”。
       ClCompile:
         C:\Program Files\Microsoft Visual Studio 10.0\VC\bin\CL.exe /c /ZI /nologo /W3 /WX- /Od /Oy- /D WIN32 /D _DEBUG /D _WINDOWS /D _USRDLL /D SOCKETCLIENTWBM_EXPORTS /D _WINDLL /D _UNICODE /D UNICODE /Gm /EHsc /RTC1 /MDd /GS /fp:precise /Zc:wchar_t /Zc:forScope /Fo"Debug\\" /Fd"Debug\vc100.pdb" /Gd /TC /analyze- /errorReport:prompt socketclientwbm.c
         socketclientwbm.c
     1>e:\01-work\10-就业班0529\day07\socketclientwbm\socketclientwbm\socketclientwbm.c(30): warning C4996: 'strcpy': This function or variable may be unsafe. Consider using strcpy_s instead. To disable deprecation, use _CRT_SECURE_NO_WARNINGS. See online help for details.
                 c:\program files\microsoft visual studio 10.0\vc\include\string.h(105) : 参见“strcpy”的声明
       ManifestResourceCompile:
         所有输出均为最新。
       Link:
         C:\Program Files\Microsoft Visual Studio 10.0\VC\bin\link.exe /ERRORREPORT:PROMPT /OUT:"E:\01-work\10-就业班0529\day07\socketclientwbm\Debug\socketclientwbm.dll" /INCREMENTAL /NOLOGO kernel32.lib user32.lib gdi32.lib winspool.lib comdlg32.lib advapi32.lib shell32.lib ole32.lib oleaut32.lib uuid.lib odbc32.lib odbccp32.lib /MANIFEST /ManifestFile:"Debug\socketclientwbm.dll.intermediate.manifest" /MANIFESTUAC:"level='asInvoker' uiAccess='false'" /DEBUG /PDB:"E:\01-work\10-就业班0529\day07\socketclientwbm\Debug\socketclientwbm.pdb" /SUBSYSTEM:WINDOWS /TLBID:1 /DYNAMICBASE /NXCOMPAT /IMPLIB:"E:\01-work\10-就业班0529\day07\socketclientwbm\Debug\socketclientwbm.lib" /MACHINE:X86 /DLL Debug\socketclientwbm.dll.embed.manifest.res
         Debug\socketclientwbm.obj
       Manifest:
         C:\Program Files\Microsoft SDKs\Windows\v7.0A\bin\mt.exe /nologo /verbose /out:"Debug\socketclientwbm.dll.embed.manifest" /manifest Debug\socketclientwbm.dll.intermediate.manifest
         所有输出均为最新。
       LinkEmbedManifest:
         所有输出均为最新。
         socketclientwbm.vcxproj -> E:\01-work\10-就业班0529\day07\socketclientwbm\Debug\socketclientwbm.dll
       FinalizeBuildStatus:
         正在删除文件“Debug\socketclientwbm.unsuccessfulbuild”。
         正在对“Debug\socketclientwbm.lastbuildstate”执行 Touch 任务。
     1>已完成生成项目“E:\01-work\10-就业班0529\day07\socketclientwbm\socketclientwbm\socketclientwbm.vcxproj”(build 个目标)的操作。

生成成功。

已用时间 00:00:01.12
